DEBUG:root:[36m[1m> Mapper-{M2}......[0m[33mDIESTATESending[0m
DEBUG:root:[36m[1m> Mapper-{M2}......[0m[33mhas started mapping task[0m
DEBUG:root:[36m[1m> Mapper-{M1}......[0m[33mhas started mapping task[0m
DEBUG:root:[36m[1m> Mapper-{M2}......[0m[33mis listening on port:localhost:5002[0m
DEBUG:root:[36m[1m> Mapper-{M1}......[0m[33mis listening on port:localhost:5001[0m
DEBUG:root:[36m[1m> Mapper-{M4}......[0m[33mhas started mapping task[0m
DEBUG:root:[36m[1m> Mapper-{M3}......[0m[33mhas started mapping task[0m
DEBUG:root:[36m[1m> Mapper-{M4}......[0m[33mis listening on port:localhost:5004[0m
DEBUG:root:[36m[1m> Mapper-{M3}......[0m[33mis listening on port:localhost:5003[0m
DEBUG:root:[36m[1m> Mapper-{M2}......[0m[33mpulse started from mapper![0m
DEBUG:root:[36m[1m> Mapper-{M1}......[0m[33mpulse started from mapper![0m
DEBUG:root:[36m[1m> Mapper-{M4}......[0m[33mpulse started from mapper![0m
DEBUG:root:[36m[1m> Mapper-{M3}......[0m[33mhas completed mapping task[0m
DEBUG:root:[36m[1m> Mapper-{M4}......[0m[33mhas completed mapping task[0m
DEBUG:root:[36m[1m> Mapper-{M1}......[0m[33mhas completed mapping task[0m
DEBUG:root:[36m[1m> Mapper-{M3}......[0m[33mSent done message[0m
DEBUG:root:[36m[1m> Mapper-{M4}......[0m[33mSent done message[0m
DEBUG:root:[36m[1m> Mapper-{M2}......[0m[33mSent done message[0m
DEBUG:root:[36m[1m> Mapper-{M1}......[0m[33mSent done message[0m
DEBUG:root:[36m[1m> Mapper-{M1}......[0m[33mMapper received RTS.[0m
DEBUG:root:[36m[1m> Mapper-{M2}......[0m[33mMapper received RTS.[0m
DEBUG:root:[36m[1m> Mapper-{M3}......[0m[33mMapper received RTS.[0m
DEBUG:root:[36m[1m> Mapper-{M4}......[0m[33mMapper received RTS.[0m
DEBUG:root:[36m[1m> Mapper-{M2}......[0m[33mDIESTATESending[0m
DEBUG:root:[36m[1m> Mapper-{M2}......[0m[33mhas started mapping task[0m
DEBUG:root:[36m[1m> Mapper-{M2}......[0m[33mis listening on port:localhost:5002[0m
DEBUG:root:[36m[1m> Mapper-{M2}......[0m[33mpulse started from mapper![0m
DEBUG:root:[36m[1m> Mapper-{M2}......[0m[33mhas completed mapping task[0m
DEBUG:root:[36m[1m> Mapper-{M2}......[0m[33mSent done message[0m
DEBUG:root:[36m[1m> Mapper-{M2}......[0m[33mMapper received RTS.[0m
DEBUG:root:[36m[1m> Mapper-{M1}......[0m[33mDone sending <Done> messages to reducers.[0m
DEBUG:root:[36m[1m> Mapper-{M4}......[0m[33mStop signaled by master.[0m
DEBUG:root:[36m[1m> Mapper-{M1}......[0m[33mStop signaled by master.[0m
DEBUG:root:[36m[1m> Mapper-{M3}......[0m[33mMapper received RTS.[0m
DEBUG:root:[36m[1m> Mapper-{M4}......[0m[33mMapper received RTS.[0m
DEBUG:root:[36m[1m> Mapper-{M1}......[0m[33mMapper received RTS.[0m
DEBUG:root:[36m[1m> Mapper-{M2}......[0m[33mDone sending <Done> messages to reducers.[0m
DEBUG:root:[36m[1m> Mapper-{M2}......[0m[33mMapper Killed.[0m
DEBUG:root:[36m[1m> Mapper-{M3}......[0m[33mFailed sending to reducer{'messageType': '_ReducerDataMessage_', 'sender': 'M3', 'meta': {'sky': "['D3']"}}[0m
DEBUG:root:[36m[1m> Mapper-{M1}......[0m[33mFailed sending to reducer{'messageType': '_ReducerDataMessage_', 'sender': 'M1', 'meta': {'whispering': "['D1']"}}[0m
DEBUG:root:[36m[1m> Mapper-{M1}......[0m[33mFailed sending to reducer{'messageType': '_ReducerDataMessage_', 'sender': 'M1', 'meta': {'winds': "['D1']"}}[0m
DEBUG:root:[36m[1m> Mapper-{M4}......[0m[33mFailed sending to reducer{'messageType': '_ReducerDataMessage_', 'sender': 'M4', 'meta': {'night': "['D4']"}}[0m

DEBUG:root:[36m[1m> Mapper-{M1}......[0m[33mFailed sending to reducer{'messageType': '_ReducerDataMessage_', 'sender': 'M1', 'meta': {'carry': "['D1']"}}[0m
DEBUG:root:[36m[1m> Mapper-{M4}......[0m[33mFailed sending to reducer{'messageType': '_ReducerDataMessage_', 'sender': 'M4', 'meta': {'sky': "['D4']"}}[0m
0m
DEBUG:root:[36m[1m> Mapper-{M3}......[0m[33mFailed sending to reducer{'messageType': '_ReducerDataMessage_', 'sender': 'M3', 'meta': {'hues': "['D3']"}}[0m
DEBUG:root:[36m[1m> Mapper-{M1}......[0m[33mFailed sending to reducer{'messageType': '_ReducerDataMessage_', 'sender': 'M1', 'meta': {'wishes': "['D1']"}}[0m
DEBUG:root:[36m[1m> Mapper-{M4}......[0m[33mFailed sending to reducer{'messageType': '_ReducerDataMessage_', 'sender': 'M4', 'meta': {'canvas': "['D4']"}}[0m
